{"/Users/Siggy/Documents/upskilling/jscourse/shopping-list-sigurd/LocalStorage.js": {"path":"/Users/Siggy/Documents/upskilling/jscourse/shopping-list-sigurd/LocalStorage.js","statementMap":{"0":{"start":{"line":7,"column":4},"end":{"line":13,"column":5}},"1":{"start":{"line":8,"column":6},"end":{"line":8,"column":68}},"2":{"start":{"line":10,"column":20},"end":{"line":10,"column":61}},"3":{"start":{"line":11,"column":6},"end":{"line":11,"column":30}},"4":{"start":{"line":12,"column":6},"end":{"line":12,"column":58}},"5":{"start":{"line":17,"column":18},"end":{"line":17,"column":47}},"6":{"start":{"line":18,"column":4},"end":{"line":18,"column":31}},"7":{"start":{"line":19,"column":31},"end":{"line":19,"column":36}},"8":{"start":{"line":20,"column":4},"end":{"line":27,"column":5}},"9":{"start":{"line":21,"column":23},"end":{"line":21,"column":40}},"10":{"start":{"line":22,"column":6},"end":{"line":26,"column":8}},"11":{"start":{"line":23,"column":8},"end":{"line":25,"column":9}},"12":{"start":{"line":24,"column":10},"end":{"line":24,"column":37}},"13":{"start":{"line":28,"column":4},"end":{"line":28,"column":31}},"14":{"start":{"line":32,"column":18},"end":{"line":32,"column":59}},"15":{"start":{"line":33,"column":4},"end":{"line":37,"column":6}},"16":{"start":{"line":34,"column":6},"end":{"line":36,"column":7}},"17":{"start":{"line":35,"column":8},"end":{"line":35,"column":30}},"18":{"start":{"line":38,"column":4},"end":{"line":38,"column":56}}},"fnMap":{"0":{"name":"(anonymous_0)","decl":{"start":{"line":3,"column":2},"end":{"line":3,"column":3}},"loc":{"start":{"line":3,"column":16},"end":{"line":4,"column":3}},"line":3},"1":{"name":"(anonymous_1)","decl":{"start":{"line":6,"column":2},"end":{"line":6,"column":3}},"loc":{"start":{"line":6,"column":24},"end":{"line":14,"column":3}},"line":6},"2":{"name":"(anonymous_2)","decl":{"start":{"line":16,"column":2},"end":{"line":16,"column":3}},"loc":{"start":{"line":16,"column":28},"end":{"line":29,"column":3}},"line":16},"3":{"name":"(anonymous_3)","decl":{"start":{"line":22,"column":23},"end":{"line":22,"column":24}},"loc":{"start":{"line":22,"column":36},"end":{"line":26,"column":7}},"line":22},"4":{"name":"(anonymous_4)","decl":{"start":{"line":31,"column":2},"end":{"line":31,"column":3}},"loc":{"start":{"line":31,"column":29},"end":{"line":39,"column":3}},"line":31},"5":{"name":"(anonymous_5)","decl":{"start":{"line":33,"column":18},"end":{"line":33,"column":19}},"loc":{"start":{"line":33,"column":38},"end":{"line":37,"column":5}},"line":33}},"branchMap":{"0":{"loc":{"start":{"line":7,"column":4},"end":{"line":13,"column":5}},"type":"if","locations":[{"start":{"line":7,"column":4},"end":{"line":13,"column":5}},{"start":{"line":9,"column":11},"end":{"line":13,"column":5}}],"line":7},"1":{"loc":{"start":{"line":20,"column":4},"end":{"line":27,"column":5}},"type":"if","locations":[{"start":{"line":20,"column":4},"end":{"line":27,"column":5}},{"start":{},"end":{}}],"line":20},"2":{"loc":{"start":{"line":23,"column":8},"end":{"line":25,"column":9}},"type":"if","locations":[{"start":{"line":23,"column":8},"end":{"line":25,"column":9}},{"start":{},"end":{}}],"line":23},"3":{"loc":{"start":{"line":34,"column":6},"end":{"line":36,"column":7}},"type":"if","locations":[{"start":{"line":34,"column":6},"end":{"line":36,"column":7}},{"start":{},"end":{}}],"line":34}},"s":{"0":0,"1":0,"2":0,"3":0,"4":0,"5":0,"6":0,"7":0,"8":0,"9":0,"10":0,"11":0,"12":0,"13":0,"14":0,"15":0,"16":0,"17":0,"18":0},"f":{"0":3,"1":0,"2":0,"3":0,"4":0,"5":0},"b":{"0":[0,0],"1":[0,0],"2":[0,0],"3":[0,0]},"_coverageSchema":"1a1c01bbd47fc00a2c39e90264f33305004495a9","hash":"b721d5d0ffb428a2486347d25cb5f8f1fe8cccc7"}
,"/Users/Siggy/Documents/upskilling/jscourse/shopping-list-sigurd/ToDo.js": {"path":"/Users/Siggy/Documents/upskilling/jscourse/shopping-list-sigurd/ToDo.js","statementMap":{"0":{"start":{"line":5,"column":4},"end":{"line":5,"column":54}},"1":{"start":{"line":6,"column":4},"end":{"line":6,"column":52}},"2":{"start":{"line":7,"column":4},"end":{"line":7,"column":52}},"3":{"start":{"line":8,"column":4},"end":{"line":8,"column":52}},"4":{"start":{"line":9,"column":4},"end":{"line":9,"column":55}},"5":{"start":{"line":10,"column":4},"end":{"line":10,"column":45}},"6":{"start":{"line":11,"column":4},"end":{"line":11,"column":25}},"7":{"start":{"line":16,"column":4},"end":{"line":16,"column":136}},"8":{"start":{"line":16,"column":48},"end":{"line":16,"column":135}},"9":{"start":{"line":17,"column":4},"end":{"line":17,"column":66}},"10":{"start":{"line":18,"column":4},"end":{"line":18,"column":71}},"11":{"start":{"line":19,"column":4},"end":{"line":19,"column":74}},"12":{"start":{"line":20,"column":4},"end":{"line":23,"column":6}},"13":{"start":{"line":21,"column":6},"end":{"line":21,"column":39}},"14":{"start":{"line":22,"column":6},"end":{"line":22,"column":20}},"15":{"start":{"line":27,"column":4},"end":{"line":36,"column":5}},"16":{"start":{"line":28,"column":6},"end":{"line":28,"column":34}},"17":{"start":{"line":30,"column":23},"end":{"line":30,"column":51}},"18":{"start":{"line":31,"column":19},"end":{"line":31,"column":49}},"19":{"start":{"line":32,"column":21},"end":{"line":32,"column":46}},"20":{"start":{"line":33,"column":6},"end":{"line":33,"column":32}},"21":{"start":{"line":34,"column":6},"end":{"line":34,"column":34}},"22":{"start":{"line":35,"column":6},"end":{"line":35,"column":37}},"23":{"start":{"line":40,"column":4},"end":{"line":40,"column":23}},"24":{"start":{"line":41,"column":4},"end":{"line":48,"column":5}},"25":{"start":{"line":42,"column":6},"end":{"line":42,"column":34}},"26":{"start":{"line":44,"column":6},"end":{"line":44,"column":41}},"27":{"start":{"line":45,"column":6},"end":{"line":45,"column":61}},"28":{"start":{"line":46,"column":6},"end":{"line":46,"column":27}},"29":{"start":{"line":47,"column":6},"end":{"line":47,"column":20}},"30":{"start":{"line":52,"column":16},"end":{"line":52,"column":48}},"31":{"start":{"line":53,"column":4},"end":{"line":53,"column":51}},"32":{"start":{"line":54,"column":17},"end":{"line":54,"column":47}},"33":{"start":{"line":55,"column":4},"end":{"line":55,"column":40}},"34":{"start":{"line":56,"column":4},"end":{"line":56,"column":25}},"35":{"start":{"line":57,"column":4},"end":{"line":57,"column":15}},"36":{"start":{"line":61,"column":4},"end":{"line":63,"column":5}},"37":{"start":{"line":62,"column":6},"end":{"line":62,"column":17}},"38":{"start":{"line":64,"column":4},"end":{"line":64,"column":16}},"39":{"start":{"line":68,"column":4},"end":{"line":74,"column":5}},"40":{"start":{"line":69,"column":6},"end":{"line":69,"column":34}},"41":{"start":{"line":70,"column":11},"end":{"line":74,"column":5}},"42":{"start":{"line":71,"column":6},"end":{"line":71,"column":109}},"43":{"start":{"line":72,"column":6},"end":{"line":72,"column":52}},"44":{"start":{"line":73,"column":6},"end":{"line":73,"column":20}},"45":{"start":{"line":78,"column":25},"end":{"line":78,"column":56}},"46":{"start":{"line":79,"column":4},"end":{"line":79,"column":45}},"47":{"start":{"line":80,"column":4},"end":{"line":80,"column":38}},"48":{"start":{"line":81,"column":4},"end":{"line":81,"column":25}},"49":{"start":{"line":82,"column":4},"end":{"line":82,"column":76}},"50":{"start":{"line":82,"column":49},"end":{"line":82,"column":75}},"51":{"start":{"line":86,"column":4},"end":{"line":86,"column":29}},"52":{"start":{"line":87,"column":4},"end":{"line":87,"column":29}},"53":{"start":{"line":88,"column":22},"end":{"line":88,"column":50}},"54":{"start":{"line":89,"column":17},"end":{"line":89,"column":60}},"55":{"start":{"line":90,"column":19},"end":{"line":90,"column":44}},"56":{"start":{"line":91,"column":4},"end":{"line":91,"column":40}},"57":{"start":{"line":92,"column":4},"end":{"line":92,"column":31}},"58":{"start":{"line":93,"column":4},"end":{"line":93,"column":33}},"59":{"start":{"line":99,"column":18},"end":{"line":99,"column":50}},"60":{"start":{"line":100,"column":4},"end":{"line":106,"column":5}},"61":{"start":{"line":101,"column":6},"end":{"line":101,"column":42}},"62":{"start":{"line":102,"column":6},"end":{"line":102,"column":44}},"63":{"start":{"line":104,"column":6},"end":{"line":104,"column":43}},"64":{"start":{"line":105,"column":6},"end":{"line":105,"column":45}},"65":{"start":{"line":110,"column":4},"end":{"line":110,"column":54}},"66":{"start":{"line":111,"column":4},"end":{"line":111,"column":28}},"67":{"start":{"line":112,"column":4},"end":{"line":112,"column":31}},"68":{"start":{"line":113,"column":4},"end":{"line":113,"column":18}},"69":{"start":{"line":117,"column":17},"end":{"line":117,"column":45}},"70":{"start":{"line":118,"column":4},"end":{"line":125,"column":6}},"71":{"start":{"line":119,"column":19},"end":{"line":119,"column":60}},"72":{"start":{"line":120,"column":6},"end":{"line":124,"column":7}},"73":{"start":{"line":121,"column":8},"end":{"line":121,"column":35}},"74":{"start":{"line":123,"column":8},"end":{"line":123,"column":35}},"75":{"start":{"line":129,"column":4},"end":{"line":129,"column":52}},"76":{"start":{"line":130,"column":4},"end":{"line":130,"column":29}},"77":{"start":{"line":134,"column":4},"end":{"line":144,"column":5}},"78":{"start":{"line":135,"column":20},"end":{"line":135,"column":61}},"79":{"start":{"line":136,"column":6},"end":{"line":143,"column":8}},"80":{"start":{"line":137,"column":25},"end":{"line":137,"column":53}},"81":{"start":{"line":138,"column":21},"end":{"line":138,"column":55}},"82":{"start":{"line":139,"column":23},"end":{"line":139,"column":48}},"83":{"start":{"line":140,"column":8},"end":{"line":140,"column":34}},"84":{"start":{"line":141,"column":8},"end":{"line":141,"column":36}},"85":{"start":{"line":142,"column":8},"end":{"line":142,"column":39}}},"fnMap":{"0":{"name":"(anonymous_0)","decl":{"start":{"line":4,"column":2},"end":{"line":4,"column":3}},"loc":{"start":{"line":4,"column":16},"end":{"line":12,"column":3}},"line":4},"1":{"name":"(anonymous_1)","decl":{"start":{"line":14,"column":2},"end":{"line":14,"column":3}},"loc":{"start":{"line":14,"column":19},"end":{"line":24,"column":3}},"line":14},"2":{"name":"(anonymous_2)","decl":{"start":{"line":16,"column":41},"end":{"line":16,"column":42}},"loc":{"start":{"line":16,"column":48},"end":{"line":16,"column":135}},"line":16},"3":{"name":"(anonymous_3)","decl":{"start":{"line":20,"column":50},"end":{"line":20,"column":51}},"loc":{"start":{"line":20,"column":56},"end":{"line":23,"column":5}},"line":20},"4":{"name":"(anonymous_4)","decl":{"start":{"line":26,"column":2},"end":{"line":26,"column":3}},"loc":{"start":{"line":26,"column":21},"end":{"line":37,"column":3}},"line":26},"5":{"name":"(anonymous_5)","decl":{"start":{"line":39,"column":2},"end":{"line":39,"column":3}},"loc":{"start":{"line":39,"column":34},"end":{"line":49,"column":3}},"line":39},"6":{"name":"(anonymous_6)","decl":{"start":{"line":51,"column":2},"end":{"line":51,"column":3}},"loc":{"start":{"line":51,"column":22},"end":{"line":58,"column":3}},"line":51},"7":{"name":"(anonymous_7)","decl":{"start":{"line":60,"column":2},"end":{"line":60,"column":3}},"loc":{"start":{"line":60,"column":23},"end":{"line":65,"column":3}},"line":60},"8":{"name":"(anonymous_8)","decl":{"start":{"line":67,"column":2},"end":{"line":67,"column":3}},"loc":{"start":{"line":67,"column":14},"end":{"line":75,"column":3}},"line":67},"9":{"name":"(anonymous_9)","decl":{"start":{"line":77,"column":2},"end":{"line":77,"column":3}},"loc":{"start":{"line":77,"column":26},"end":{"line":83,"column":3}},"line":77},"10":{"name":"(anonymous_10)","decl":{"start":{"line":82,"column":42},"end":{"line":82,"column":43}},"loc":{"start":{"line":82,"column":49},"end":{"line":82,"column":75}},"line":82},"11":{"name":"(anonymous_11)","decl":{"start":{"line":85,"column":2},"end":{"line":85,"column":3}},"loc":{"start":{"line":85,"column":28},"end":{"line":94,"column":3}},"line":85},"12":{"name":"(anonymous_12)","decl":{"start":{"line":98,"column":2},"end":{"line":98,"column":3}},"loc":{"start":{"line":98,"column":12},"end":{"line":107,"column":3}},"line":98},"13":{"name":"(anonymous_13)","decl":{"start":{"line":109,"column":2},"end":{"line":109,"column":3}},"loc":{"start":{"line":109,"column":14},"end":{"line":114,"column":3}},"line":109},"14":{"name":"(anonymous_14)","decl":{"start":{"line":116,"column":2},"end":{"line":116,"column":3}},"loc":{"start":{"line":116,"column":16},"end":{"line":126,"column":3}},"line":116},"15":{"name":"(anonymous_15)","decl":{"start":{"line":118,"column":44},"end":{"line":118,"column":45}},"loc":{"start":{"line":118,"column":54},"end":{"line":125,"column":5}},"line":118},"16":{"name":"(anonymous_16)","decl":{"start":{"line":128,"column":2},"end":{"line":128,"column":3}},"loc":{"start":{"line":128,"column":21},"end":{"line":131,"column":3}},"line":128},"17":{"name":"(anonymous_17)","decl":{"start":{"line":133,"column":2},"end":{"line":133,"column":3}},"loc":{"start":{"line":133,"column":29},"end":{"line":145,"column":3}},"line":133},"18":{"name":"(anonymous_18)","decl":{"start":{"line":136,"column":20},"end":{"line":136,"column":21}},"loc":{"start":{"line":136,"column":30},"end":{"line":143,"column":7}},"line":136}},"branchMap":{"0":{"loc":{"start":{"line":27,"column":4},"end":{"line":36,"column":5}},"type":"if","locations":[{"start":{"line":27,"column":4},"end":{"line":36,"column":5}},{"start":{"line":29,"column":11},"end":{"line":36,"column":5}}],"line":27},"1":{"loc":{"start":{"line":41,"column":4},"end":{"line":48,"column":5}},"type":"if","locations":[{"start":{"line":41,"column":4},"end":{"line":48,"column":5}},{"start":{"line":43,"column":11},"end":{"line":48,"column":5}}],"line":41},"2":{"loc":{"start":{"line":61,"column":4},"end":{"line":63,"column":5}},"type":"if","locations":[{"start":{"line":61,"column":4},"end":{"line":63,"column":5}},{"start":{},"end":{}}],"line":61},"3":{"loc":{"start":{"line":68,"column":4},"end":{"line":74,"column":5}},"type":"if","locations":[{"start":{"line":68,"column":4},"end":{"line":74,"column":5}},{"start":{"line":70,"column":11},"end":{"line":74,"column":5}}],"line":68},"4":{"loc":{"start":{"line":70,"column":11},"end":{"line":74,"column":5}},"type":"if","locations":[{"start":{"line":70,"column":11},"end":{"line":74,"column":5}},{"start":{},"end":{}}],"line":70},"5":{"loc":{"start":{"line":100,"column":4},"end":{"line":106,"column":5}},"type":"if","locations":[{"start":{"line":100,"column":4},"end":{"line":106,"column":5}},{"start":{"line":103,"column":11},"end":{"line":106,"column":5}}],"line":100},"6":{"loc":{"start":{"line":120,"column":6},"end":{"line":124,"column":7}},"type":"if","locations":[{"start":{"line":120,"column":6},"end":{"line":124,"column":7}},{"start":{"line":122,"column":13},"end":{"line":124,"column":7}}],"line":120},"7":{"loc":{"start":{"line":134,"column":4},"end":{"line":144,"column":5}},"type":"if","locations":[{"start":{"line":134,"column":4},"end":{"line":144,"column":5}},{"start":{},"end":{}}],"line":134}},"s":{"0":3,"1":3,"2":3,"3":3,"4":3,"5":3,"6":3,"7":3,"8":0,"9":3,"10":3,"11":3,"12":3,"13":0,"14":0,"15":2,"16":1,"17":1,"18":1,"19":1,"20":1,"21":1,"22":1,"23":1,"24":1,"25":1,"26":0,"27":0,"28":0,"29":0,"30":1,"31":1,"32":1,"33":1,"34":1,"35":1,"36":0,"37":0,"38":0,"39":0,"40":0,"41":0,"42":0,"43":0,"44":0,"45":0,"46":0,"47":0,"48":0,"49":0,"50":0,"51":0,"52":0,"53":0,"54":0,"55":0,"56":0,"57":0,"58":0,"59":0,"60":0,"61":0,"62":0,"63":0,"64":0,"65":0,"66":0,"67":0,"68":0,"69":0,"70":0,"71":0,"72":0,"73":0,"74":0,"75":0,"76":0,"77":0,"78":0,"79":0,"80":0,"81":0,"82":0,"83":0,"84":0,"85":0},"f":{"0":3,"1":3,"2":0,"3":0,"4":2,"5":1,"6":1,"7":0,"8":0,"9":0,"10":0,"11":0,"12":0,"13":0,"14":0,"15":0,"16":0,"17":0,"18":0},"b":{"0":[1,1],"1":[1,0],"2":[0,0],"3":[0,0],"4":[0,0],"5":[0,0],"6":[0,0],"7":[0,0]},"_coverageSchema":"1a1c01bbd47fc00a2c39e90264f33305004495a9","hash":"eb28f6e51f31ba17929f9ce29412c80026c578ff"}
}
